Performing C SOURCE FILE Test CMAKE_HAVE_LIBC_PTHREAD failed with the following output:
Change Dir: /home/bencz/programming/yet-another-smalltalk-vm/buld/CMakeFiles/CMakeTmp

Run Build Command(s):/usr/bin/gmake cmTC_1bb13/fast && /usr/bin/gmake  -f CMakeFiles/cmTC_1bb13.dir/build.make CMakeFiles/cmTC_1bb13.dir/build
gmake[1]: Entering directory '/home/bencz/programming/yet-another-smalltalk-vm/buld/CMakeFiles/CMakeTmp'
Building C object CMakeFiles/cmTC_1bb13.dir/src.c.o
/usr/bin/cc   -std=gnu99 -pedantic -Wno-flexible-array-extensions -Wno-c11-extensions -Wno-gnu -fcommon -DCMAKE_HAVE_LIBC_PTHREAD -o CMakeFiles/cmTC_1bb13.dir/src.c.o -c /home/bencz/programming/yet-another-smalltalk-vm/buld/CMakeFiles/CMakeTmp/src.c
Linking C executable cmTC_1bb13
/usr/bin/cmake -E cmake_link_script CMakeFiles/cmTC_1bb13.dir/link.txt --verbose=1
/usr/bin/cc -std=gnu99 -pedantic -Wno-flexible-array-extensions -Wno-c11-extensions -Wno-gnu -fcommon -DCMAKE_HAVE_LIBC_PTHREAD -rdynamic CMakeFiles/cmTC_1bb13.dir/src.c.o -o cmTC_1bb13 
/usr/bin/ld: CMakeFiles/cmTC_1bb13.dir/src.c.o: in function `main':
src.c:(.text+0x2f): undefined reference to `pthread_create'
/usr/bin/ld: src.c:(.text+0x3b): undefined reference to `pthread_detach'
/usr/bin/ld: src.c:(.text+0x47): undefined reference to `pthread_cancel'
/usr/bin/ld: src.c:(.text+0x58): undefined reference to `pthread_join'
collect2: error: ld returned 1 exit status
gmake[1]: *** [CMakeFiles/cmTC_1bb13.dir/build.make:106: cmTC_1bb13] Error 1
gmake[1]: Leaving directory '/home/bencz/programming/yet-another-smalltalk-vm/buld/CMakeFiles/CMakeTmp'
gmake: *** [Makefile:140: cmTC_1bb13/fast] Error 2


Source file was:
#include <pthread.h>

void* test_func(void* data)
{
  return data;
}

int main(void)
{
  pthread_t thread;
  pthread_create(&thread, NULL, test_func, NULL);
  pthread_detach(thread);
  pthread_cancel(thread);
  pthread_join(thread, NULL);
  pthread_atfork(NULL, NULL, NULL);
  pthread_exit(NULL);

  return 0;
}

Determining if the function pthread_create exists in the pthreads failed with the following output:
Change Dir: /home/bencz/programming/yet-another-smalltalk-vm/buld/CMakeFiles/CMakeTmp

Run Build Command(s):/usr/bin/gmake cmTC_2199b/fast && /usr/bin/gmake  -f CMakeFiles/cmTC_2199b.dir/build.make CMakeFiles/cmTC_2199b.dir/build
gmake[1]: Entering directory '/home/bencz/programming/yet-another-smalltalk-vm/buld/CMakeFiles/CMakeTmp'
Building C object CMakeFiles/cmTC_2199b.dir/CheckFunctionExists.c.o
/usr/bin/cc   -std=gnu99 -pedantic -Wno-flexible-array-extensions -Wno-c11-extensions -Wno-gnu -fcommon -DCHECK_FUNCTION_EXISTS=pthread_create -o CMakeFiles/cmTC_2199b.dir/CheckFunctionExists.c.o -c /usr/share/cmake-3.18/Modules/CheckFunctionExists.c
Linking C executable cmTC_2199b
/usr/bin/cmake -E cmake_link_script CMakeFiles/cmTC_2199b.dir/link.txt --verbose=1
/usr/bin/cc -std=gnu99 -pedantic -Wno-flexible-array-extensions -Wno-c11-extensions -Wno-gnu -fcommon -DCHECK_FUNCTION_EXISTS=pthread_create -rdynamic CMakeFiles/cmTC_2199b.dir/CheckFunctionExists.c.o -o cmTC_2199b  -lpthreads 
/usr/bin/ld: cannot find -lpthreads
collect2: error: ld returned 1 exit status
gmake[1]: *** [CMakeFiles/cmTC_2199b.dir/build.make:106: cmTC_2199b] Error 1
gmake[1]: Leaving directory '/home/bencz/programming/yet-another-smalltalk-vm/buld/CMakeFiles/CMakeTmp'
gmake: *** [Makefile:140: cmTC_2199b/fast] Error 2



